2026-06-10T12:49:05Z INF Thank you for trying Cloudflare Tunnel. Doing so, without a Cloudflare account, is a quick way to experiment and try it out. However, be aware that these account-less Tunnels have no uptime guarantee, are subject to the Cloudflare Online Services Terms of Use (https://www.cloudflare.com/website-terms/), and Cloudflare reserves the right to investigate your use of Tunnels for violations of such terms. If you intend to use Tunnels in production you should use a pre-created named tunnel by following: https://developers.cloudflare.com/cloudflare-one/connections/connect-apps
2026-06-10T12:49:05Z INF Requesting new quick Tunnel on trycloudflare.com...
2026-06-10T12:49:08Z INF +--------------------------------------------------------------------------------------------+
2026-06-10T12:49:08Z INF |  Your quick Tunnel has been created! Visit it at (it may take some time to be reachable):  |
2026-06-10T12:49:08Z INF |  https://arkansas-collectors-counted-displayed.trycloudflare.com                           |
2026-06-10T12:49:08Z INF +--------------------------------------------------------------------------------------------+
2026-06-10T12:49:08Z INF Cannot determine default configuration path. No file [config.yml config.yaml] in [~/.cloudflared ~/.cloudflare-warp ~/cloudflare-warp /etc/cloudflared /usr/local/etc/cloudflared]
2026-06-10T12:49:08Z INF Version 2026.6.0 (Checksum 1b66920a280235b0180e935c6fb2adcf91fceeeaf66c4365e606bd37d6c587ef)
2026-06-10T12:49:08Z INF GOOS: darwin, GOVersion: go1.26.2, GoArch: arm64
2026-06-10T12:49:08Z INF Settings: map[ha-connections:1 protocol:quic url:http://localhost:8000]
2026-06-10T12:49:08Z INF Autoupdate frequency is set autoupdateFreq=86400000
2026-06-10T12:49:08Z INF Generated Connector ID: fee6f76a-31fa-4843-9892-b825c9a002f5
2026-06-10T12:49:08Z INF Initial protocol quic
2026-06-10T12:49:08Z INF ICMP proxy will use 192.168.86.24 as source for IPv4
2026-06-10T12:49:08Z INF ICMP proxy will use fe80::c78:330d:ab3e:e00c in zone en1 as source for IPv6
2026-06-10T12:49:08Z INF Created ICMP proxy listening on 192.168.86.24:0
2026-06-10T12:49:08Z INF ICMP proxy will use 192.168.86.24 as source for IPv4
2026-06-10T12:49:08Z INF ICMP proxy will use fe80::c78:330d:ab3e:e00c in zone en1 as source for IPv6
2026-06-10T12:49:08Z INF Starting metrics server on 127.0.0.1:20241/metrics
2026-06-10T12:49:08Z INF Tunnel connection curve preferences: [X25519MLKEM768 CurveID(65074) CurveP256] connIndex=0 event=0 ip=198.41.192.27
2026-06-10T12:49:08Z INF Registered tunnel connection connIndex=0 connection=b00e152d-600f-4306-bd5f-3021d748fc9a event=0 ip=198.41.192.27 location=dfw07 protocol=quic
2026-06-10T12:49:14Z INF +-------------------------------------------------------------------------------------+
2026-06-10T12:49:14Z INF |                               CONNECTIVITY PRE-CHECKS                               |
2026-06-10T12:49:14Z INF +-------------------------------------------------------------------------------------+
2026-06-10T12:49:14Z INF |  COMPONENT         TARGET                     STATUS  DETAILS                       |
2026-06-10T12:49:14Z INF |  DNS Resolution    region1.v2.argotunnel.com  PASS    DNS Resolved successfully     |
2026-06-10T12:49:14Z INF |  DNS Resolution    region2.v2.argotunnel.com  PASS    DNS Resolved successfully     |
2026-06-10T12:49:14Z INF |  UDP Connectivity  region1.v2.argotunnel.com  PASS    QUIC connection successful    |
2026-06-10T12:49:14Z INF |  UDP Connectivity  region2.v2.argotunnel.com  PASS    QUIC connection successful    |
2026-06-10T12:49:14Z INF |  TCP Connectivity  region1.v2.argotunnel.com  PASS    HTTP/2 connection successful  |
2026-06-10T12:49:14Z INF |  TCP Connectivity  region2.v2.argotunnel.com  PASS    HTTP/2 connection successful  |
2026-06-10T12:49:14Z INF |  Cloudflare API    api.cloudflare.com:443     PASS    API is reachable              |
2026-06-10T12:49:14Z INF |                                                                                     |
2026-06-10T12:49:14Z INF |  SUMMARY: Environment is healthy. cloudflared will use 'quic' as primary protocol.  |
2026-06-10T12:49:14Z INF +-------------------------------------------------------------------------------------+
2026-06-10T12:49:14Z INF precheck component="DNS Resolution" details="DNS Resolved successfully" run_id=8263537b-478f-4fe1-b0eb-5a25722fff0e status=pass target=region1.v2.argotunnel.com
2026-06-10T12:49:14Z INF precheck component="DNS Resolution" details="DNS Resolved successfully" run_id=8263537b-478f-4fe1-b0eb-5a25722fff0e status=pass target=region2.v2.argotunnel.com
2026-06-10T12:49:14Z INF precheck component="UDP Connectivity" details="QUIC connection successful" run_id=8263537b-478f-4fe1-b0eb-5a25722fff0e status=pass target=region1.v2.argotunnel.com
2026-06-10T12:49:14Z INF precheck component="UDP Connectivity" details="QUIC connection successful" run_id=8263537b-478f-4fe1-b0eb-5a25722fff0e status=pass target=region2.v2.argotunnel.com
2026-06-10T12:49:14Z INF precheck component="TCP Connectivity" details="HTTP/2 connection successful" run_id=8263537b-478f-4fe1-b0eb-5a25722fff0e status=pass target=region1.v2.argotunnel.com
2026-06-10T12:49:14Z INF precheck component="TCP Connectivity" details="HTTP/2 connection successful" run_id=8263537b-478f-4fe1-b0eb-5a25722fff0e status=pass target=region2.v2.argotunnel.com
2026-06-10T12:49:14Z INF precheck component="Cloudflare API" details="API is reachable" run_id=8263537b-478f-4fe1-b0eb-5a25722fff0e status=pass target=api.cloudflare.com:443
2026-06-10T12:49:14Z INF precheck complete hard_fail=false run_id=8263537b-478f-4fe1-b0eb-5a25722fff0e suggested_protocol=quic
